生成启动时间为 2015/8/26 11:53:31。
     1>项目“D:\WangWorkspace\FMBackStageConsole\Src\FMMduserConsole\FMMduserConsole\FMMduserConsole.vcxproj”在节点 2 上(Build 个目标)。
     1>ClCompile:
         D:\Visual Studio 2013\VC\bin\CL.exe /c /ID:\WangWorkspace\FMBackStageConsole\Src\FMMduserConsole\FMMduserConsole\FeMaUserApi /ZI /nologo /W3 /WX- /MP /Od /Oy- /D WIN32 /D _DEBUG /D _CONSOLE /D _LIB /D _UNICODE /D UNICODE /Gm /EHsc /RTC1 /MDd /GS /fp:precise /Zc:wchar_t /Zc:forScope /Fo"Debug\\" /Fd"Debug\vc120.pdb" /Gd /TP /analyze- /errorReport:prompt USTPMDHandler.cpp
         USTPMDHandler.cpp
     1>d:\wangworkspace\fmbackstageconsole\src\fmmduserconsole\fmmduserconsole\ustpmdhandler.cpp(12): warning C4996: 'strcpy': This function or variable may be unsafe. Consider using strcpy_s instead. To disable deprecation, use _CRT_SECURE_NO_WARNINGS. See online help for details.
                 d:\visual studio 2013\vc\include\string.h(112) : 参见“strcpy”的声明
     1>d:\wangworkspace\fmbackstageconsole\src\fmmduserconsole\fmmduserconsole\ustpmdhandler.cpp(20): warning C4996: 'fopen': This function or variable may be unsafe. Consider using fopen_s instead. To disable deprecation, use _CRT_SECURE_NO_WARNINGS. See online help for details.
                 d:\visual studio 2013\vc\include\stdio.h(211) : 参见“fopen”的声明
     1>d:\wangworkspace\fmbackstageconsole\src\fmmduserconsole\fmmduserconsole\ustpmdhandler.cpp(22): warning C4996: 'fopen': This function or variable may be unsafe. Consider using fopen_s instead. To disable deprecation, use _CRT_SECURE_NO_WARNINGS. See online help for details.
                 d:\visual studio 2013\vc\include\stdio.h(211) : 参见“fopen”的声明
     1>d:\wangworkspace\fmbackstageconsole\src\fmmduserconsole\fmmduserconsole\ustpmdhandler.cpp(36): warning C4996: 'strcpy': This function or variable may be unsafe. Consider using strcpy_s instead. To disable deprecation, use _CRT_SECURE_NO_WARNINGS. See online help for details.
                 d:\visual studio 2013\vc\include\string.h(112) : 参见“strcpy”的声明
     1>d:\wangworkspace\fmbackstageconsole\src\fmmduserconsole\fmmduserconsole\ustpmdhandler.cpp(38): warning C4996: 'strcpy': This function or variable may be unsafe. Consider using strcpy_s instead. To disable deprecation, use _CRT_SECURE_NO_WARNINGS. See online help for details.
                 d:\visual studio 2013\vc\include\string.h(112) : 参见“strcpy”的声明
     1>d:\wangworkspace\fmbackstageconsole\src\fmmduserconsole\fmmduserconsole\ustpmdhandler.cpp(40): warning C4996: 'strcpy': This function or variable may be unsafe. Consider using strcpy_s instead. To disable deprecation, use _CRT_SECURE_NO_WARNINGS. See online help for details.
                 d:\visual studio 2013\vc\include\string.h(112) : 参见“strcpy”的声明
     1>d:\wangworkspace\fmbackstageconsole\src\fmmduserconsole\fmmduserconsole\ustpmdhandler.cpp(42): warning C4996: 'strcpy': This function or variable may be unsafe. Consider using strcpy_s instead. To disable deprecation, use _CRT_SECURE_NO_WARNINGS. See online help for details.
                 d:\visual studio 2013\vc\include\string.h(112) : 参见“strcpy”的声明
     1>d:\wangworkspace\fmbackstageconsole\src\fmmduserconsole\fmmduserconsole\ustpmdhandler.cpp(43): warning C4996: 'strcpy': This function or variable may be unsafe. Consider using strcpy_s instead. To disable deprecation, use _CRT_SECURE_NO_WARNINGS. See online help for details.
                 d:\visual studio 2013\vc\include\string.h(112) : 参见“strcpy”的声明
     1>d:\wangworkspace\fmbackstageconsole\src\fmmduserconsole\fmmduserconsole\ustpmdhandler.cpp(88): warning C4996: 'sprintf': This function or variable may be unsafe. Consider using sprintf_s instead. To disable deprecation, use _CRT_SECURE_NO_WARNINGS. See online help for details.
                 d:\visual studio 2013\vc\include\stdio.h(356) : 参见“sprintf”的声明
     1>d:\wangworkspace\fmbackstageconsole\src\fmmduserconsole\fmmduserconsole\ustpmdhandler.cpp(91): warning C4996: 'strncpy': This function or variable may be unsafe. Consider using strncpy_s instead. To disable deprecation, use _CRT_SECURE_NO_WARNINGS. See online help for details.
                 d:\visual studio 2013\vc\include\string.h(195) : 参见“strncpy”的声明
     1>d:\wangworkspace\fmbackstageconsole\src\fmmduserconsole\fmmduserconsole\ustpmdhandler.cpp(109): warning C4996: 'sprintf': This function or variable may be unsafe. Consider using sprintf_s instead. To disable deprecation, use _CRT_SECURE_NO_WARNINGS. See online help for details.
                 d:\visual studio 2013\vc\include\stdio.h(356) : 参见“sprintf”的声明
     1>d:\wangworkspace\fmbackstageconsole\src\fmmduserconsole\fmmduserconsole\ustpmdhandler.cpp(112): warning C4996: 'strncpy': This function or variable may be unsafe. Consider using strncpy_s instead. To disable deprecation, use _CRT_SECURE_NO_WARNINGS. See online help for details.
                 d:\visual studio 2013\vc\include\string.h(195) : 参见“strncpy”的声明
       Link:
         D:\Visual Studio 2013\VC\bin\link.exe /ERRORREPORT:PROMPT /OUT:"D:\WangWorkspace\FMBackStageConsole\Src\FMMduserConsole\Debug\FMMduserConsole.exe" /INCREMENTAL /NOLOGO /LIBPATH:D:\WangWorkspace\FMBackStageConsole\Src\FMMduserConsole\FMMduserConsole USTPmduserapi.lib USTPtraderapi.lib kernel32.lib user32.lib gdi32.lib winspool.lib comdlg32.lib advapi32.lib shell32.lib ole32.lib oleaut32.lib uuid.lib odbc32.lib odbccp32.lib /MANIFEST /MANIFESTUAC:"level='asInvoker' uiAccess='false'" /manifest:embed /DEBUG /PDB:"D:\WangWorkspace\FMBackStageConsole\Src\FMMduserConsole\Debug\FMMduserConsole.pdb" /SUBSYSTEM:CONSOLE /TLBID:1 /DYNAMICBASE /NXCOMPAT /IMPLIB:"D:\WangWorkspace\FMBackStageConsole\Src\FMMduserConsole\Debug\FMMduserConsole.lib" /MACHINE:X86 Debug\MsClient.obj
         Debug\profile.obj
         Debug\USTPMDClient.obj
         Debug\USTPMDHandler.obj
         FMMduserConsole.vcxproj -> D:\WangWorkspace\FMBackStageConsole\Src\FMMduserConsole\Debug\FMMduserConsole.exe
     1>已完成生成项目“D:\WangWorkspace\FMBackStageConsole\Src\FMMduserConsole\FMMduserConsole\FMMduserConsole.vcxproj”(Build 个目标)的操作。

生成成功。

已用时间 00:00:00.90
